2025-04-26 00:08:31,194 [INFO] ================================================================================
2025-04-26 00:08:31,194 [INFO] Starting Job Matcher Pipeline...
2025-04-26 00:08:31,194 [INFO] [1/4] Scraping jobs from Greenhouse...
2025-04-26 00:08:31,194 [INFO] Starting scrape_greenhouse pipeline...
2025-04-26 00:08:31,197 [INFO] Scraping notion...
2025-04-26 00:08:31,292 [INFO] Pulled 114 jobs from notion
2025-04-26 00:08:31,292 [INFO] 26 jobs matched keywords: ['data', 'engineer', 'analytics', 'migration', 'automation']
2025-04-26 00:08:31,292 [INFO] Scraping stripe...
2025-04-26 00:08:33,469 [INFO] Pulled 432 jobs from stripe
2025-04-26 00:08:33,473 [INFO] 123 jobs matched keywords: ['data', 'engineer', 'analytics', 'migration', 'automation']
2025-04-26 00:08:33,474 [INFO] Scraping figma...
2025-04-26 00:08:34,123 [INFO] Pulled 118 jobs from figma
2025-04-26 00:08:34,126 [INFO] 38 jobs matched keywords: ['data', 'engineer', 'analytics', 'migration', 'automation']
2025-04-26 00:08:34,126 [INFO] Scraping airbnb...
2025-04-26 00:08:34,738 [INFO] Pulled 259 jobs from airbnb
2025-04-26 00:08:34,739 [INFO] 110 jobs matched keywords: ['data', 'engineer', 'analytics', 'migration', 'automation']
2025-04-26 00:08:34,739 [INFO] Scraping datadog...
2025-04-26 00:08:34,879 [INFO] Pulled 487 jobs from datadog
2025-04-26 00:08:34,881 [INFO] 259 jobs matched keywords: ['data', 'engineer', 'analytics', 'migration', 'automation']
2025-04-26 00:08:34,881 [INFO] Scraping asana...
2025-04-26 00:08:34,976 [INFO] Pulled 90 jobs from asana
2025-04-26 00:08:34,977 [INFO] 33 jobs matched keywords: ['data', 'engineer', 'analytics', 'migration', 'automation']
2025-04-26 00:08:34,978 [INFO] Total matching jobs found: 589
2025-04-26 00:08:35,046 [INFO] Saved jobs to /home/bcrow/dev/job-matcher/data/processed/jobs_20250426.json
2025-04-26 00:08:35,046 [INFO] [2/4] Formatting and filtering jobs...
2025-04-26 00:08:35,046 [INFO] Starting job formatting and scoring...
2025-04-26 00:08:35,047 [INFO] Loading configuration...
2025-04-26 00:08:35,057 [INFO] Deduplicating jobs...
2025-04-26 00:08:35,060 [INFO] Found 586 unique jobs after deduplication.
2025-04-26 00:08:35,101 [INFO] Saved 261 formatted jobs to /home/bcrow/dev/job-matcher/data/processed/jobs_20250426.json
2025-04-26 00:08:35,101 [INFO] [3/4] Generating cover letters...
2025-04-26 00:08:35,101 [INFO] Starting cover letter generation...
2025-04-26 00:08:35,102 [INFO] Loading configuration file...
2025-04-26 00:08:35,105 [INFO] Loading jobs from /home/bcrow/dev/job-matcher/data/processed/jobs_20250426.json
2025-04-26 00:08:35,106 [INFO] No specific template match for Engineering Manager I - Core Analytics - Datasets & Governance. Using default.
2025-04-26 00:08:35,107 [INFO] Saved letter: /home/bcrow/dev/job-matcher/data/letters/engineering_manager_i_-_core_analytics_-_datasets_and_governance_datadog_20250426.txt
2025-04-26 00:08:35,107 [INFO] No specific template match for Senior Software Engineer - Python Profiler. Using default.
2025-04-26 00:08:35,108 [INFO] Saved letter: /home/bcrow/dev/job-matcher/data/letters/senior_software_engineer_-_python_profiler_datadog_20250426.txt
2025-04-26 00:08:35,108 [INFO] No specific template match for Senior Software Engineer - Python Tools. Using default.
2025-04-26 00:08:35,109 [INFO] Saved letter: /home/bcrow/dev/job-matcher/data/letters/senior_software_engineer_-_python_tools_datadog_20250426.txt
2025-04-26 00:08:35,109 [INFO] No specific template match for Software Engineer - Data & Analytics Governance. Using default.
2025-04-26 00:08:35,110 [INFO] Saved letter: /home/bcrow/dev/job-matcher/data/letters/software_engineer_-_data_and_analytics_governance_datadog_20250426.txt
2025-04-26 00:08:35,110 [INFO] No specific template match for Software Engineer - Data & Analytics Platform. Using default.
2025-04-26 00:08:35,111 [INFO] Saved letter: /home/bcrow/dev/job-matcher/data/letters/software_engineer_-_data_and_analytics_platform_datadog_20250426.txt
2025-04-26 00:08:35,111 [INFO] Finished generating all letters.
2025-04-26 00:08:35,112 [INFO] [4/4] Sending daily email summary...
2025-04-26 00:08:35,112 [INFO] Starting email summary process...
2025-04-26 00:08:35,112 [INFO] Loaded jobs from /home/bcrow/dev/job-matcher/data/processed/jobs_20250426.json
2025-04-26 00:08:35,114 [INFO] Found 5 letters for today
2025-04-26 00:08:35,114 [INFO] Composing summary for 5 jobs
2025-04-26 00:08:35,115 [INFO] Sending email in local mode
2025-04-26 00:08:35,116 [INFO] Email summary completed successfully
2025-04-26 00:08:35,116 [INFO] Pipeline completed successfully!
2025-04-26 00:08:35,117 [INFO] ================================================================================
