2025-04-25 23:09:38,659 [INFO] Scraping notion...
2025-04-25 23:09:38,783 [INFO] 26 jobs matched keywords: ['data', 'engineer', 'analytics', 'migration', 'automation']
2025-04-25 23:09:38,784 [INFO] Scraping stripe...
2025-04-25 23:09:40,920 [INFO] 123 jobs matched keywords: ['data', 'engineer', 'analytics', 'migration', 'automation']
2025-04-25 23:09:40,920 [INFO] Scraping figma...
2025-04-25 23:09:41,024 [INFO] 38 jobs matched keywords: ['data', 'engineer', 'analytics', 'migration', 'automation']
2025-04-25 23:09:41,025 [INFO] Scraping airbnb...
2025-04-25 23:09:41,128 [INFO] 110 jobs matched keywords: ['data', 'engineer', 'analytics', 'migration', 'automation']
2025-04-25 23:09:41,129 [INFO] Scraping datadog...
2025-04-25 23:09:41,266 [INFO] 259 jobs matched keywords: ['data', 'engineer', 'analytics', 'migration', 'automation']
2025-04-25 23:09:41,266 [INFO] Scraping asana...
2025-04-25 23:09:41,912 [INFO] 33 jobs matched keywords: ['data', 'engineer', 'analytics', 'migration', 'automation']
2025-04-25 23:09:41,912 [INFO] Total matching jobs found: 589
2025-04-25 23:09:41,948 [INFO] Saved jobs to /home/bcrow/dev/job-matcher/data/processed/jobs_20250425.json
2025-04-25 23:17:42,236 [INFO] Scraping notion...
2025-04-25 23:17:42,460 [INFO] 26 jobs matched keywords: ['data', 'engineer', 'analytics', 'migration', 'automation']
2025-04-25 23:17:42,460 [INFO] Scraping stripe...
2025-04-25 23:17:46,126 [INFO] 123 jobs matched keywords: ['data', 'engineer', 'analytics', 'migration', 'automation']
2025-04-25 23:17:46,126 [INFO] Scraping figma...
2025-04-25 23:17:46,227 [INFO] 38 jobs matched keywords: ['data', 'engineer', 'analytics', 'migration', 'automation']
2025-04-25 23:17:46,228 [INFO] Scraping airbnb...
2025-04-25 23:17:47,012 [INFO] 110 jobs matched keywords: ['data', 'engineer', 'analytics', 'migration', 'automation']
2025-04-25 23:17:47,013 [INFO] Scraping datadog...
2025-04-25 23:17:47,254 [INFO] 259 jobs matched keywords: ['data', 'engineer', 'analytics', 'migration', 'automation']
2025-04-25 23:17:47,254 [INFO] Scraping asana...
2025-04-25 23:17:47,348 [INFO] 33 jobs matched keywords: ['data', 'engineer', 'analytics', 'migration', 'automation']
2025-04-25 23:17:47,348 [INFO] Total matching jobs found: 589
2025-04-25 23:17:47,389 [INFO] Saved jobs to /home/bcrow/dev/job-matcher/data/processed/jobs_20250425.json
2025-04-25 23:19:35,024 [INFO] Scraping notion...
2025-04-25 23:19:35,164 [INFO] 26 jobs matched keywords: ['data', 'engineer', 'analytics', 'migration', 'automation']
2025-04-25 23:19:35,164 [INFO] Scraping stripe...
2025-04-25 23:19:37,156 [INFO] 123 jobs matched keywords: ['data', 'engineer', 'analytics', 'migration', 'automation']
2025-04-25 23:19:37,156 [INFO] Scraping figma...
2025-04-25 23:19:37,253 [INFO] 38 jobs matched keywords: ['data', 'engineer', 'analytics', 'migration', 'automation']
2025-04-25 23:19:37,254 [INFO] Scraping airbnb...
2025-04-25 23:19:42,981 [INFO] 110 jobs matched keywords: ['data', 'engineer', 'analytics', 'migration', 'automation']
2025-04-25 23:19:42,982 [INFO] Scraping datadog...
2025-04-25 23:19:43,125 [INFO] 259 jobs matched keywords: ['data', 'engineer', 'analytics', 'migration', 'automation']
2025-04-25 23:19:43,125 [INFO] Scraping asana...
2025-04-25 23:19:43,429 [INFO] 33 jobs matched keywords: ['data', 'engineer', 'analytics', 'migration', 'automation']
2025-04-25 23:19:43,430 [INFO] Total matching jobs found: 589
2025-04-25 23:19:43,485 [INFO] Saved jobs to /home/bcrow/dev/job-matcher/data/processed/jobs_20250425.json
2025-04-25 23:27:24,761 [INFO] Scraping notion...
2025-04-25 23:27:24,927 [INFO] 26 jobs matched keywords: ['data', 'engineer', 'analytics', 'migration', 'automation']
2025-04-25 23:27:24,928 [INFO] Scraping stripe...
2025-04-25 23:27:25,048 [INFO] 123 jobs matched keywords: ['data', 'engineer', 'analytics', 'migration', 'automation']
2025-04-25 23:27:25,048 [INFO] Scraping figma...
2025-04-25 23:27:25,151 [INFO] 38 jobs matched keywords: ['data', 'engineer', 'analytics', 'migration', 'automation']
2025-04-25 23:27:25,151 [INFO] Scraping airbnb...
2025-04-25 23:27:25,766 [INFO] 110 jobs matched keywords: ['data', 'engineer', 'analytics', 'migration', 'automation']
2025-04-25 23:27:25,766 [INFO] Scraping datadog...
2025-04-25 23:27:25,894 [INFO] 259 jobs matched keywords: ['data', 'engineer', 'analytics', 'migration', 'automation']
2025-04-25 23:27:25,894 [INFO] Scraping asana...
2025-04-25 23:27:26,243 [INFO] 33 jobs matched keywords: ['data', 'engineer', 'analytics', 'migration', 'automation']
2025-04-25 23:27:26,244 [INFO] Total matching jobs found: 589
2025-04-25 23:27:26,287 [INFO] Saved jobs to /home/bcrow/dev/job-matcher/data/processed/jobs_20250425.json
2025-04-25 23:27:26,311 [INFO] Saved letter for Engineering Manager I - Core Analytics - Datasets & Governance at Datadog -> /home/bcrow/dev/job-matcher/data/letters/engineering_manager_i_-_core_analytics_-_datasets_and_governance_datadog_20250425.txt
2025-04-25 23:27:26,311 [INFO] Saved letter for Senior Software Engineer - Python Profiler at Datadog -> /home/bcrow/dev/job-matcher/data/letters/senior_software_engineer_-_python_profiler_datadog_20250425.txt
2025-04-25 23:27:26,311 [INFO] Saved letter for Senior Software Engineer - Python Tools at Datadog -> /home/bcrow/dev/job-matcher/data/letters/senior_software_engineer_-_python_tools_datadog_20250425.txt
2025-04-25 23:27:26,313 [INFO] Saved letter for Software Engineer - Data & Analytics Governance at Datadog -> /home/bcrow/dev/job-matcher/data/letters/software_engineer_-_data_and_analytics_governance_datadog_20250425.txt
2025-04-25 23:27:26,313 [INFO] Saved letter for Software Engineer - Data & Analytics Platform at Datadog -> /home/bcrow/dev/job-matcher/data/letters/software_engineer_-_data_and_analytics_platform_datadog_20250425.txt
2025-04-25 23:30:57,534 [INFO] Scraping notion...
2025-04-25 23:30:57,652 [INFO] 26 jobs matched keywords: ['data', 'engineer', 'analytics', 'migration', 'automation']
2025-04-25 23:30:57,652 [INFO] Scraping stripe...
2025-04-25 23:30:59,797 [INFO] 123 jobs matched keywords: ['data', 'engineer', 'analytics', 'migration', 'automation']
2025-04-25 23:30:59,797 [INFO] Scraping figma...
2025-04-25 23:30:59,896 [INFO] 38 jobs matched keywords: ['data', 'engineer', 'analytics', 'migration', 'automation']
2025-04-25 23:30:59,896 [INFO] Scraping airbnb...
2025-04-25 23:31:00,580 [INFO] 110 jobs matched keywords: ['data', 'engineer', 'analytics', 'migration', 'automation']
2025-04-25 23:31:00,580 [INFO] Scraping datadog...
2025-04-25 23:31:00,702 [INFO] 259 jobs matched keywords: ['data', 'engineer', 'analytics', 'migration', 'automation']
2025-04-25 23:31:00,703 [INFO] Scraping asana...
2025-04-25 23:31:01,110 [INFO] 33 jobs matched keywords: ['data', 'engineer', 'analytics', 'migration', 'automation']
2025-04-25 23:31:01,110 [INFO] Total matching jobs found: 589
2025-04-25 23:31:01,149 [INFO] Saved jobs to /home/bcrow/dev/job-matcher/data/processed/jobs_20250425.json
2025-04-25 23:31:01,178 [INFO] Saved letter for Engineering Manager I - Core Analytics - Datasets & Governance at Datadog -> /home/bcrow/dev/job-matcher/data/letters/engineering_manager_i_-_core_analytics_-_datasets_and_governance_datadog_20250425.txt
2025-04-25 23:31:01,179 [INFO] Saved letter for Senior Software Engineer - Python Profiler at Datadog -> /home/bcrow/dev/job-matcher/data/letters/senior_software_engineer_-_python_profiler_datadog_20250425.txt
2025-04-25 23:31:01,179 [INFO] Saved letter for Senior Software Engineer - Python Tools at Datadog -> /home/bcrow/dev/job-matcher/data/letters/senior_software_engineer_-_python_tools_datadog_20250425.txt
2025-04-25 23:31:01,180 [INFO] Saved letter for Software Engineer - Data & Analytics Governance at Datadog -> /home/bcrow/dev/job-matcher/data/letters/software_engineer_-_data_and_analytics_governance_datadog_20250425.txt
2025-04-25 23:31:01,181 [INFO] Saved letter for Software Engineer - Data & Analytics Platform at Datadog -> /home/bcrow/dev/job-matcher/data/letters/software_engineer_-_data_and_analytics_platform_datadog_20250425.txt
